execve("./b1nd", ["./b1nd"], 0x7ffc53bfe3a0 /* 21 vars */) = 0
brk(NULL)                               = 0x6363757cf000
fcntl(0, F_GETFD)                       = 0
fcntl(1, F_GETFD)                       = 0
fcntl(2, F_GETFD)                       = 0
access("/etc/ld.so.preload", R_OK)      = -1 ENOENT (No such file or directory)
openat(AT_FDCWD, "/etc/ld.so.cache", O_RDONLY|O_CLOEXEC) = 3
fstat(3, {st_mode=S_IFREG|0644, st_size=226943, ...}) = 0
mmap(NULL, 226943, PROT_READ, MAP_PRIVATE, 3, 0) = 0x7336361e0000
close(3)                                = 0
openat(AT_FDCWD, "/usr/lib/libc.so.6", O_RDONLY|O_CLOEXEC) = 3
read(3, "\177ELF\2\1\1\3\0\0\0\0\0\0\0\0\3\0>\0\1\0\0\0px\2\0\0\0\0\0"..., 832) = 832
pread64(3, "\6\0\0\0\4\0\0\0@\0\0\0\0\0\0\0@\0\0\0\0\0\0\0@\0\0\0\0\0\0\0"..., 840, 64) = 840
fstat(3, {st_mode=S_IFREG|0755, st_size=2006328, ...}) = 0
mmap(NULL, 8192, PROT_READ|PROT_WRITE, MAP_PRIVATE|MAP_ANONYMOUS, -1, 0) = 0x7336361de000
pread64(3, "\6\0\0\0\4\0\0\0@\0\0\0\0\0\0\0@\0\0\0\0\0\0\0@\0\0\0\0\0\0\0"..., 840, 64) = 840
mmap(NULL, 2030680, PROT_READ, MAP_PRIVATE|MAP_DENYWRITE, 3, 0) = 0x733635fee000
mmap(0x733636012000, 1507328, PROT_READ|PROT_EXEC, MAP_PRIVATE|MAP_FIXED|MAP_DENYWRITE, 3, 0x24000) = 0x733636012000
mmap(0x733636182000, 319488, PROT_READ, MAP_PRIVATE|MAP_FIXED|MAP_DENYWRITE, 3, 0x194000) = 0x733636182000
mmap(0x7336361d0000, 24576, PROT_READ|PROT_WRITE, MAP_PRIVATE|MAP_FIXED|MAP_DENYWRITE, 3, 0x1e1000) = 0x7336361d0000
mmap(0x7336361d6000, 31832, PROT_READ|PROT_WRITE, MAP_PRIVATE|MAP_FIXED|MAP_ANONYMOUS, -1, 0) = 0x7336361d6000
close(3)                                = 0
mmap(NULL, 12288, PROT_READ|PROT_WRITE, MAP_PRIVATE|MAP_ANONYMOUS, -1, 0) = 0x733635feb000
arch_prctl(ARCH_SET_FS, 0x733635feb740) = 0
set_tid_address(0x733635feba10)         = 295561
set_robust_list(0x733635feba20, 24)     = 0
rseq(0x733635feb680, 0x20, 0, 0x53053053) = 0
mprotect(0x7336361d0000, 16384, PROT_READ) = 0
mprotect(0x636372971000, 4096, PROT_READ) = 0
mprotect(0x733636253000, 8192, PROT_READ) = 0
prlimit64(0, RLIMIT_STACK, NULL, {rlim_cur=8192*1024, rlim_max=RLIM64_INFINITY}) = 0
munmap(0x7336361e0000, 226943)          = 0
epoll_create1(0)                        = 3
fstat(1, {st_mode=S_IFCHR|0620, st_rdev=makedev(0x88, 0x3), ...}) = 0
getrandom("\xf5\x65\x66\xe3\x0e\xe1\x79\x3c", 8, GRND_NONBLOCK) = 8
brk(NULL)                               = 0x6363757cf000
brk(0x6363757f0000)                     = 0x6363757f0000
write(1, "epfd 3\n", 7)                 = 7
socket(AF_INET, SOCK_DGRAM, IPPROTO_IP) = 4
bind(4, {sa_family=AF_INET, sin_port=htons(53), sin_addr=inet_addr("0.0.0.0")}, 16) = -1 EACCES (Permission denied)
write(1, "bindfail: Permission denied\n", 28) = 28
exit_group(4)                           = ?
+++ exited with 4 +++
