execve("./milf", ["./milf"], 0x7ffea0402460 /* 21 vars */) = 0
brk(NULL)                               = 0x5da0517d7000
fcntl(0, F_GETFD)                       = 0
fcntl(1, F_GETFD)                       = 0
fcntl(2, F_GETFD)                       = 0
access("/etc/ld.so.preload", R_OK)      = -1 ENOENT (No such file or directory)
openat(AT_FDCWD, "/etc/ld.so.cache", O_RDONLY|O_CLOEXEC) = 3
fstat(3, {st_mode=S_IFREG|0644, st_size=226943, ...}) = 0
mmap(NULL, 226943, PROT_READ, MAP_PRIVATE, 3, 0) = 0x7c5e8c597000
close(3)                                = 0
openat(AT_FDCWD, "/usr/lib/libc.so.6", O_RDONLY|O_CLOEXEC) = 3
read(3, "\177ELF\2\1\1\3\0\0\0\0\0\0\0\0\3\0>\0\1\0\0\0px\2\0\0\0\0\0"..., 832) = 832
pread64(3, "\6\0\0\0\4\0\0\0@\0\0\0\0\0\0\0@\0\0\0\0\0\0\0@\0\0\0\0\0\0\0"..., 840, 64) = 840
fstat(3, {st_mode=S_IFREG|0755, st_size=2006328, ...}) = 0
mmap(NULL, 8192, PROT_READ|PROT_WRITE, MAP_PRIVATE|MAP_ANONYMOUS, -1, 0) = 0x7c5e8c595000
pread64(3, "\6\0\0\0\4\0\0\0@\0\0\0\0\0\0\0@\0\0\0\0\0\0\0@\0\0\0\0\0\0\0"..., 840, 64) = 840
mmap(NULL, 2030680, PROT_READ, MAP_PRIVATE|MAP_DENYWRITE, 3, 0) = 0x7c5e8c3a5000
mmap(0x7c5e8c3c9000, 1507328, PROT_READ|PROT_EXEC, MAP_PRIVATE|MAP_FIXED|MAP_DENYWRITE, 3, 0x24000) = 0x7c5e8c3c9000
mmap(0x7c5e8c539000, 319488, PROT_READ, MAP_PRIVATE|MAP_FIXED|MAP_DENYWRITE, 3, 0x194000) = 0x7c5e8c539000
mmap(0x7c5e8c587000, 24576, PROT_READ|PROT_WRITE, MAP_PRIVATE|MAP_FIXED|MAP_DENYWRITE, 3, 0x1e1000) = 0x7c5e8c587000
mmap(0x7c5e8c58d000, 31832, PROT_READ|PROT_WRITE, MAP_PRIVATE|MAP_FIXED|MAP_ANONYMOUS, -1, 0) = 0x7c5e8c58d000
close(3)                                = 0
mmap(NULL, 12288, PROT_READ|PROT_WRITE, MAP_PRIVATE|MAP_ANONYMOUS, -1, 0) = 0x7c5e8c3a2000
arch_prctl(ARCH_SET_FS, 0x7c5e8c3a2740) = 0
set_tid_address(0x7c5e8c3a2a10)         = 295557
set_robust_list(0x7c5e8c3a2a20, 24)     = 0
rseq(0x7c5e8c3a2680, 0x20, 0, 0x53053053) = 0
mprotect(0x7c5e8c587000, 16384, PROT_READ) = 0
mprotect(0x5da022ab7000, 4096, PROT_READ) = 0
mprotect(0x7c5e8c60a000, 8192, PROT_READ) = 0
prlimit64(0, RLIMIT_STACK, NULL, {rlim_cur=8192*1024, rlim_max=RLIM64_INFINITY}) = 0
munmap(0x7c5e8c597000, 226943)          = 0
epoll_create1(0)                        = 3
getrandom("\xfb\x74\x36\xe1\xe3\xf8\x2d\xb8", 8, GRND_NONBLOCK) = 8
brk(NULL)                               = 0x5da0517d7000
brk(0x5da0517f8000)                     = 0x5da0517f8000
socket(AF_INET, SOCK_STREAM, IPPROTO_TCP) = 4
bind(4, {sa_family=AF_INET, sin_port=htons(25), sin_addr=inet_addr("0.0.0.0")}, 16) = -1 EACCES (Permission denied)
fstat(1, {st_mode=S_IFCHR|0620, st_rdev=makedev(0x88, 0x3), ...}) = 0
write(1, "bindfail: Permission denied\n", 28) = 28
exit_group(4)                           = ?
+++ exited with 4 +++
